[debug] [2024-04-24T08:10:35.780Z] ----------------------------------------------------------------------
[debug] [2024-04-24T08:10:35.783Z] Command:       C:\Program Files\nodejs\node.exe L:\SoftwareEngineer\GitHubActionPractice-\node_modules\firebase-tools\lib\bin\firebase.js init hosting:github
[debug] [2024-04-24T08:10:35.783Z] CLI Version:   13.7.4
[debug] [2024-04-24T08:10:35.783Z] Platform:      win32
[debug] [2024-04-24T08:10:35.783Z] Node Version:  v20.11.1
[debug] [2024-04-24T08:10:35.783Z] Time:          Wed Apr 24 2024 15:10:35 GMT+0700 (Indochina Time)
[debug] [2024-04-24T08:10:35.783Z] ----------------------------------------------------------------------
[debug] 
[debug] [2024-04-24T08:10:35.868Z] > command requires scopes: ["email","openid","https://www.googleapis.com/auth/cloudplatformprojects.readonly","https://www.googleapis.com/auth/firebase","https://www.googleapis.com/auth/cloud-platform"]
[debug] [2024-04-24T08:10:35.869Z] > authorizing via signed-in user (6633010521@student.chula.ac.th)
[info] 
     ######## #### ########  ######## ########     ###     ######  ########
     ##        ##  ##     ## ##       ##     ##  ##   ##  ##       ##
     ######    ##  ########  ######   ########  #########  ######  ######
     ##        ##  ##    ##  ##       ##     ## ##     ##       ## ##
     ##       #### ##     ## ######## ########  ##     ##  ######  ########

You're about to initialize a Firebase project in this directory:

  L:\SoftwareEngineer\GitHubActionPractice-

Before we get started, keep in mind:

  * You are initializing within an existing Firebase project directory

[info] 
=== Project Setup
[info] 
[info] First, let's associate this project directory with a Firebase project.
[info] You can create multiple project aliases by running firebase use --add, 
[info] but for now we'll just set up a default project.
[info] 
[debug] [2024-04-24T08:10:38.860Z] Using project from CLI flag: assignment11
[debug] [2024-04-24T08:10:38.862Z] > refreshing access token with scopes: []
[debug] [2024-04-24T08:10:38.863Z] >>> [apiv2][query] POST https://www.googleapis.com/oauth2/v3/token [none]
[debug] [2024-04-24T08:10:38.863Z] >>> [apiv2][body] POST https://www.googleapis.com/oauth2/v3/token [omitted]
[debug] [2024-04-24T08:10:39.082Z] <<< [apiv2][status] POST https://www.googleapis.com/oauth2/v3/token 200
[debug] [2024-04-24T08:10:39.082Z] <<< [apiv2][body] POST https://www.googleapis.com/oauth2/v3/token [omitted]
[debug] [2024-04-24T08:10:39.093Z] >>> [apiv2][query] GET https://firebase.googleapis.com/v1beta1/projects/assignment11 [none]
[debug] [2024-04-24T08:10:39.674Z] <<< [apiv2][status] GET https://firebase.googleapis.com/v1beta1/projects/assignment11 403
[debug] [2024-04-24T08:10:39.675Z] <<< [apiv2][body] GET https://firebase.googleapis.com/v1beta1/projects/assignment11 {"error":{"code":403,"message":"The caller does not have permission","status":"PERMISSION_DENIED"}}
[debug] [2024-04-24T08:10:39.676Z] HTTP Error: 403, The caller does not have permission
[debug] [2024-04-24T08:10:39.816Z] FirebaseError: HTTP Error: 403, The caller does not have permission
    at responseToError (L:\SoftwareEngineer\GitHubActionPractice-\node_modules\firebase-tools\lib\responseToError.js:49:12)
    at RetryOperation._fn (L:\SoftwareEngineer\GitHubActionPractice-\node_modules\firebase-tools\lib\apiv2.js:299:77)
    at process.processTicksAndRejections (node:internal/process/task_queues:95:5)
[error] 
[error] Error: Failed to get Firebase project assignment11. Please make sure the project exists and your account has permission to access it.
